<?xml version="1.0" encoding="UTF-8"?>
<testsuite xmlns:xsi="http://www.w3.org/2001/XMLSchema-instance" xsi:noNamespaceSchemaLocation="https://maven.apache.org/surefire/maven-surefire-plugin/xsd/surefire-test-report.xsd" name="br.com.devdojo.demo.StudentRepositoryTest" time="0.569" tests="7" errors="7" skipped="0" failures="0">
  <properties>
[...]
</properties>
  <testcase name="createWhenEmailIsNullShoudThrowConstraintViolatoinException" classname="br.com.devdojo.demo.StudentRepositoryTest" time="0.042">
    <error message="could not extract ResultSet; SQL [n/a]; nested exception is org.hibernate.exception.SQLGrammarException: could not extract ResultSet" type="org.springframework.dao.InvalidDataAccessResourceUsageException">org.springframework.dao.InvalidDataAccessResourceUsageException: could not extract ResultSet; SQL [n/a]; nested exception is org.hibernate.exception.SQLGrammarException: could not extract ResultSet
	at br.com.devdojo.demo.StudentRepositoryTest.createWhenEmailIsNullShoudThrowConstraintViolatoinException(StudentRepositoryTest.java:84)
Caused by: org.hibernate.exception.SQLGrammarException: could not extract ResultSet
	at br.com.devdojo.demo.StudentRepositoryTest.createWhenEmailIsNullShoudThrowConstraintViolatoinException(StudentRepositoryTest.java:84)
Caused by: org.postgresql.util.PSQLException: 
ERROR: syntax error at or near "value"
  Posição: 11
	at br.com.devdojo.demo.StudentRepositoryTest.createWhenEmailIsNullShoudThrowConstraintViolatoinException(StudentRepositoryTest.java:84)
</error>
    <system-out><![CDATA[2019-07-15 15:04:17.336  INFO 36715 --- [           main] b.t.a.o.j.DataJpaTestContextBootstrapper : Neither @ContextConfiguration nor @ContextHierarchy found for test class [br.com.devdojo.demo.StudentRepositoryTest], using SpringBootContextLoader
2019-07-15 15:04:17.336  INFO 36715 --- [           main] o.s.t.c.support.AbstractContextLoader    : Could not detect default resource locations for test class [br.com.devdojo.demo.StudentRepositoryTest]: no resource found for suffixes {-context.xml, Context.groovy}.
2019-07-15 15:04:17.337  INFO 36715 --- [           main] t.c.s.AnnotationConfigContextLoaderUtils : Could not detect default configuration classes for test class [br.com.devdojo.demo.StudentRepositoryTest]: StudentRepositoryTest does not declare any static, non-private, non-final, nested classes annotated with @Configuration.
2019-07-15 15:04:17.350  INFO 36715 --- [           main] .b.t.c.SpringBootTestContextBootstrapper : Found @SpringBootConfiguration br.com.devdojo.DevDojoSpringBootEssentialsApplication for test class br.com.devdojo.demo.StudentRepositoryTest
2019-07-15 15:04:17.350  INFO 36715 --- [           main] b.t.a.o.j.DataJpaTestContextBootstrapper : Loaded default TestExecutionListener class names from location [META-INF/spring.factories]: [org.springframework.boot.test.mock.mockito.MockitoTestExecutionListener, org.springframework.boot.test.mock.mockito.ResetMocksTestExecutionListener, org.springframework.boot.test.autoconfigure.restdocs.RestDocsTestExecutionListener, org.springframework.boot.test.autoconfigure.web.client.MockRestServiceServerResetTestExecutionListener, org.springframework.boot.test.autoconfigure.web.servlet.MockMvcPrintOnlyOnFailureTestExecutionListener, org.springframework.boot.test.autoconfigure.web.servlet.WebDriverTestExecutionListener, org.springframework.test.context.web.ServletTestExecutionListener, org.springframework.test.context.support.DirtiesContextBeforeModesTestExecutionListener, org.springframework.test.context.support.DependencyInjectionTestExecutionListener, org.springframework.test.context.support.DirtiesContextTestExecutionListener, org.springframework.test.context.transaction.TransactionalTestExecutionListener, org.springframework.test.context.jdbc.SqlScriptsTestExecutionListener, org.springframework.security.test.context.support.WithSecurityContextTestExecutionListener]
2019-07-15 15:04:17.350  INFO 36715 --- [           main] b.t.a.o.j.DataJpaTestContextBootstrapper : Using TestExecutionListeners: [org.springframework.test.context.web.ServletTestExecutionListener@22ff1372, org.springframework.test.context.support.DirtiesContextBeforeModesTestExecutionListener@356341c9, org.springframework.boot.test.mock.mockito.MockitoTestExecutionListener@3a70575, org.springframework.boot.test.autoconfigure.SpringBootDependencyInjectionTestExecutionListener@5d96d434, org.springframework.test.context.support.DirtiesContextTestExecutionListener@7283877, org.springframework.test.context.transaction.TransactionalTestExecutionListener@286a4c52, org.springframework.test.context.jdbc.SqlScriptsTestExecutionListener@13dd7887, org.springframework.security.test.context.support.WithSecurityContextTestExecutionListener@780129bc, org.springframework.boot.test.mock.mockito.ResetMocksTestExecutionListener@3e2c4d4b, org.springframework.boot.test.autoconfigure.restdocs.RestDocsTestExecutionListener@44de8e00, org.springframework.boot.test.autoconfigure.web.client.MockRestServiceServerResetTestExecutionListener@3cbfdf5c, org.springframework.boot.test.autoconfigure.web.servlet.MockMvcPrintOnlyOnFailureTestExecutionListener@4d825dbe, org.springframework.boot.test.autoconfigure.web.servlet.WebDriverTestExecutionListener@11180750]

  .   ____          _            __ _ _
 /\\ / ___'_ __ _ _(_)_ __  __ _ \ \ \ \
( ( )\___ | '_ | '_| | '_ \/ _` | \ \ \ \
 \\/  ___)| |_)| | | | | || (_| |  ) ) ) )
  '  |____| .__|_| |_|_| |_\__, | / / / /
 =========|_|==============|___/=/_/_/_/
 :: Spring Boot ::        (v2.1.6.RELEASE)

2019-07-15 15:04:17.497  INFO 36715 --- [           main] b.c.devdojo.demo.StudentRepositoryTest   : Starting StudentRepositoryTest on gil with PID 36715 (started by gil in /Users/gil/IdeaProjects/devdojo-springboot-essentials)
2019-07-15 15:04:17.498  INFO 36715 --- [           main] b.c.devdojo.demo.StudentRepositoryTest   : No active profile set, falling back to default profiles: default
2019-07-15 15:04:17.566  INFO 36715 --- [           main] .s.d.r.c.RepositoryConfigurationDelegate : Bootstrapping Spring Data repositories in DEFAULT mode.
2019-07-15 15:04:17.577  INFO 36715 --- [           main] .s.d.r.c.RepositoryConfigurationDelegate : Finished Spring Data repository scanning in 10ms. Found 2 repository interfaces.
2019-07-15 15:04:17.657  INFO 36715 --- [           main] com.zaxxer.hikari.HikariDataSource       : HikariPool-2 - Starting...
2019-07-15 15:04:17.663  INFO 36715 --- [           main] com.zaxxer.hikari.HikariDataSource       : HikariPool-2 - Start completed.
2019-07-15 15:04:17.676  INFO 36715 --- [           main] o.hibernate.jpa.internal.util.LogHelper  : HHH000204: Processing PersistenceUnitInfo [
	name: default
	...]
2019-07-15 15:04:17.681  INFO 36715 --- [           main] org.hibernate.dialect.Dialect            : HHH000400: Using dialect: org.hibernate.dialect.H2Dialect
2019-07-15 15:04:17.681  INFO 36715 --- [           main] o.h.e.j.e.i.LobCreatorBuilderImpl        : HHH000422: Disabling contextual LOB creation as connection was null
2019-07-15 15:04:17.741  INFO 36715 --- [           main] j.LocalContainerEntityManagerFactoryBean : Initialized JPA EntityManagerFactory for persistence unit 'default'
2019-07-15 15:04:17.847  INFO 36715 --- [           main] b.c.devdojo.demo.StudentRepositoryTest   : Started StudentRepositoryTest in 0.494 seconds (JVM running for 4.897)
2019-07-15 15:04:17.857  INFO 36715 --- [           main] o.s.t.c.transaction.TransactionContext   : Began transaction (1) for test context [DefaultTestContext@537b3be1 testClass = StudentRepositoryTest, testInstance = br.com.devdojo.demo.StudentRepositoryTest@15d58530, testMethod = createWhenEmailIsNullShoudThrowConstraintViolatoinException@StudentRepositoryTest, testException = [null], mergedContextConfiguration = [MergedContextConfiguration@31f5b923 testClass = StudentRepositoryTest, locations = '{}', classes = '{class br.com.devdojo.DevDojoSpringBootEssentialsApplication}', contextInitializerClasses = '[]', activeProfiles = '{}', propertySourceLocations = '{}', propertySourceProperties = '{org.springframework.boot.test.autoconfigure.orm.jpa.DataJpaTestContextBootstrapper=true}', contextCustomizers = set[[ImportsContextCustomizer@79e2606f key = [org.springframework.boot.autoconfigure.cache.CacheAutoConfiguration, org.springframework.boot.autoconfigure.data.jpa.JpaRepositoriesAutoConfiguration, org.springframework.boot.autoconfigure.flyway.FlywayAutoConfiguration, org.springframework.boot.autoconfigure.jdbc.DataSourceAutoConfiguration, org.springframework.boot.autoconfigure.jdbc.DataSourceTransactionManagerAutoConfiguration, org.springframework.boot.autoconfigure.jdbc.JdbcTemplateAutoConfiguration, org.springframework.boot.autoconfigure.liquibase.LiquibaseAutoConfiguration, org.springframework.boot.autoconfigure.orm.jpa.HibernateJpaAutoConfiguration, org.springframework.boot.autoconfigure.transaction.TransactionAutoConfiguration, org.springframework.boot.test.autoconfigure.jdbc.TestDatabaseAutoConfiguration, org.springframework.boot.test.autoconfigure.orm.jpa.TestEntityManagerAutoConfiguration]], org.springframework.boot.test.context.filter.ExcludeFilterContextCustomizer@43bd930a, org.springframework.boot.test.json.DuplicateJsonObjectContextCustomizerFactory$DuplicateJsonObjectContextCustomizer@553a3d88, org.springframework.boot.test.mock.mockito.MockitoContextCustomizer@0, org.springframework.boot.test.autoconfigure.OverrideAutoConfigurationContextCustomizerFactory$DisableAutoConfigurationContextCustomizer@324e8baa, org.springframework.boot.test.autoconfigure.filter.TypeExcludeFiltersContextCustomizer@351584c0, org.springframework.boot.test.autoconfigure.properties.PropertyMappingContextCustomizer@5181ed59, org.springframework.boot.test.autoconfigure.web.servlet.WebDriverContextCustomizerFactory$Customizer@67b467e9], contextLoader = 'org.springframework.boot.test.context.SpringBootContextLoader', parent = [null]], attributes = map[[empty]]]; transaction manager [org.springframework.orm.jpa.JpaTransactionManager@3a709cc7]; rollback [true]
Hibernate: call next value for hibernate_sequence
2019-07-15 15:04:17.881  WARN 36715 --- [           main] o.h.engine.jdbc.spi.SqlExceptionHelper   : SQL Error: 0, SQLState: 42601
2019-07-15 15:04:17.881 ERROR 36715 --- [           main] o.h.engine.jdbc.spi.SqlExceptionHelper   : ERROR: syntax error at or near "value"
  Posi??o: 11
2019-07-15 15:04:17.887  INFO 36715 --- [           main] o.s.t.c.transaction.TransactionContext   : Rolled back transaction for test: [DefaultTestContext@537b3be1 testClass = StudentRepositoryTest, testInstance = br.com.devdojo.demo.StudentRepositoryTest@15d58530, testMethod = createWhenEmailIsNullShoudThrowConstraintViolatoinException@StudentRepositoryTest, testException = org.springframework.dao.InvalidDataAccessResourceUsageException: could not extract ResultSet; SQL [n/a]; nested exception is org.hibernate.exception.SQLGrammarException: could not extract ResultSet, mergedContextConfiguration = [MergedContextConfiguration@31f5b923 testClass = StudentRepositoryTest, locations = '{}', classes = '{class br.com.devdojo.DevDojoSpringBootEssentialsApplication}', contextInitializerClasses = '[]', activeProfiles = '{}', propertySourceLocations = '{}', propertySourceProperties = '{org.springframework.boot.test.autoconfigure.orm.jpa.DataJpaTestContextBootstrapper=true}', contextCustomizers = set[[ImportsContextCustomizer@79e2606f key = [org.springframework.boot.autoconfigure.cache.CacheAutoConfiguration, org.springframework.boot.autoconfigure.data.jpa.JpaRepositoriesAutoConfiguration, org.springframework.boot.autoconfigure.flyway.FlywayAutoConfiguration, org.springframework.boot.autoconfigure.jdbc.DataSourceAutoConfiguration, org.springframework.boot.autoconfigure.jdbc.DataSourceTransactionManagerAutoConfiguration, org.springframework.boot.autoconfigure.jdbc.JdbcTemplateAutoConfiguration, org.springframework.boot.autoconfigure.liquibase.LiquibaseAutoConfiguration, org.springframework.boot.autoconfigure.orm.jpa.HibernateJpaAutoConfiguration, org.springframework.boot.autoconfigure.transaction.TransactionAutoConfiguration, org.springframework.boot.test.autoconfigure.jdbc.TestDatabaseAutoConfiguration, org.springframework.boot.test.autoconfigure.orm.jpa.TestEntityManagerAutoConfiguration]], org.springframework.boot.test.context.filter.ExcludeFilterContextCustomizer@43bd930a, org.springframework.boot.test.json.DuplicateJsonObjectContextCustomizerFactory$DuplicateJsonObjectContextCustomizer@553a3d88, org.springframework.boot.test.mock.mockito.MockitoContextCustomizer@0, org.springframework.boot.test.autoconfigure.OverrideAutoConfigurationContextCustomizerFactory$DisableAutoConfigurationContextCustomizer@324e8baa, org.springframework.boot.test.autoconfigure.filter.TypeExcludeFiltersContextCustomizer@351584c0, org.springframework.boot.test.autoconfigure.properties.PropertyMappingContextCustomizer@5181ed59, org.springframework.boot.test.autoconfigure.web.servlet.WebDriverContextCustomizerFactory$Customizer@67b467e9], contextLoader = 'org.springframework.boot.test.context.SpringBootContextLoader', parent = [null]], attributes = map[[empty]]]
]]></system-out>
  </testcase>
  <testcase name="createWhenEmailIsNotValidShoudThrowConstraintViolatoinException" classname="br.com.devdojo.demo.StudentRepositoryTest" time="0.007">
    <error message="could not extract ResultSet; SQL [n/a]; nested exception is org.hibernate.exception.SQLGrammarException: could not extract ResultSet" type="org.springframework.dao.InvalidDataAccessResourceUsageException">org.springframework.dao.InvalidDataAccessResourceUsageException: could not extract ResultSet; SQL [n/a]; nested exception is org.hibernate.exception.SQLGrammarException: could not extract ResultSet
	at br.com.devdojo.demo.StudentRepositoryTest.createWhenEmailIsNotValidShoudThrowConstraintViolatoinException(StudentRepositoryTest.java:95)
Caused by: org.hibernate.exception.SQLGrammarException: could not extract ResultSet
	at br.com.devdojo.demo.StudentRepositoryTest.createWhenEmailIsNotValidShoudThrowConstraintViolatoinException(StudentRepositoryTest.java:95)
Caused by: org.postgresql.util.PSQLException: 
ERROR: syntax error at or near "value"
  Posição: 11
	at br.com.devdojo.demo.StudentRepositoryTest.createWhenEmailIsNotValidShoudThrowConstraintViolatoinException(StudentRepositoryTest.java:95)
</error>
    <system-out><![CDATA[2019-07-15 15:04:17.892  INFO 36715 --- [           main] o.s.t.c.transaction.TransactionContext   : Began transaction (1) for test context [DefaultTestContext@537b3be1 testClass = StudentRepositoryTest, testInstance = br.com.devdojo.demo.StudentRepositoryTest@218f2f51, testMethod = createWhenEmailIsNotValidShoudThrowConstraintViolatoinException@StudentRepositoryTest, testException = [null], mergedContextConfiguration = [MergedContextConfiguration@31f5b923 testClass = StudentRepositoryTest, locations = '{}', classes = '{class br.com.devdojo.DevDojoSpringBootEssentialsApplication}', contextInitializerClasses = '[]', activeProfiles = '{}', propertySourceLocations = '{}', propertySourceProperties = '{org.springframework.boot.test.autoconfigure.orm.jpa.DataJpaTestContextBootstrapper=true}', contextCustomizers = set[[ImportsContextCustomizer@79e2606f key = [org.springframework.boot.autoconfigure.cache.CacheAutoConfiguration, org.springframework.boot.autoconfigure.data.jpa.JpaRepositoriesAutoConfiguration, org.springframework.boot.autoconfigure.flyway.FlywayAutoConfiguration, org.springframework.boot.autoconfigure.jdbc.DataSourceAutoConfiguration, org.springframework.boot.autoconfigure.jdbc.DataSourceTransactionManagerAutoConfiguration, org.springframework.boot.autoconfigure.jdbc.JdbcTemplateAutoConfiguration, org.springframework.boot.autoconfigure.liquibase.LiquibaseAutoConfiguration, org.springframework.boot.autoconfigure.orm.jpa.HibernateJpaAutoConfiguration, org.springframework.boot.autoconfigure.transaction.TransactionAutoConfiguration, org.springframework.boot.test.autoconfigure.jdbc.TestDatabaseAutoConfiguration, org.springframework.boot.test.autoconfigure.orm.jpa.TestEntityManagerAutoConfiguration]], org.springframework.boot.test.context.filter.ExcludeFilterContextCustomizer@43bd930a, org.springframework.boot.test.json.DuplicateJsonObjectContextCustomizerFactory$DuplicateJsonObjectContextCustomizer@553a3d88, org.springframework.boot.test.mock.mockito.MockitoContextCustomizer@0, org.springframework.boot.test.autoconfigure.OverrideAutoConfigurationContextCustomizerFactory$DisableAutoConfigurationContextCustomizer@324e8baa, org.springframework.boot.test.autoconfigure.filter.TypeExcludeFiltersContextCustomizer@351584c0, org.springframework.boot.test.autoconfigure.properties.PropertyMappingContextCustomizer@5181ed59, org.springframework.boot.test.autoconfigure.web.servlet.WebDriverContextCustomizerFactory$Customizer@67b467e9], contextLoader = 'org.springframework.boot.test.context.SpringBootContextLoader', parent = [null]], attributes = map[[empty]]]; transaction manager [org.springframework.orm.jpa.JpaTransactionManager@3a709cc7]; rollback [true]
Hibernate: call next value for hibernate_sequence
2019-07-15 15:04:17.895  WARN 36715 --- [           main] o.h.engine.jdbc.spi.SqlExceptionHelper   : SQL Error: 0, SQLState: 42601
2019-07-15 15:04:17.895 ERROR 36715 --- [           main] o.h.engine.jdbc.spi.SqlExceptionHelper   : ERROR: syntax error at or near "value"
  Posi??o: 11
2019-07-15 15:04:17.897  INFO 36715 --- [           main] o.s.t.c.transaction.TransactionContext   : Rolled back transaction for test: [DefaultTestContext@537b3be1 testClass = StudentRepositoryTest, testInstance = br.com.devdojo.demo.StudentRepositoryTest@218f2f51, testMethod = createWhenEmailIsNotValidShoudThrowConstraintViolatoinException@StudentRepositoryTest, testException = org.springframework.dao.InvalidDataAccessResourceUsageException: could not extract ResultSet; SQL [n/a]; nested exception is org.hibernate.exception.SQLGrammarException: could not extract ResultSet, mergedContextConfiguration = [MergedContextConfiguration@31f5b923 testClass = StudentRepositoryTest, locations = '{}', classes = '{class br.com.devdojo.DevDojoSpringBootEssentialsApplication}', contextInitializerClasses = '[]', activeProfiles = '{}', propertySourceLocations = '{}', propertySourceProperties = '{org.springframework.boot.test.autoconfigure.orm.jpa.DataJpaTestContextBootstrapper=true}', contextCustomizers = set[[ImportsContextCustomizer@79e2606f key = [org.springframework.boot.autoconfigure.cache.CacheAutoConfiguration, org.springframework.boot.autoconfigure.data.jpa.JpaRepositoriesAutoConfiguration, org.springframework.boot.autoconfigure.flyway.FlywayAutoConfiguration, org.springframework.boot.autoconfigure.jdbc.DataSourceAutoConfiguration, org.springframework.boot.autoconfigure.jdbc.DataSourceTransactionManagerAutoConfiguration, org.springframework.boot.autoconfigure.jdbc.JdbcTemplateAutoConfiguration, org.springframework.boot.autoconfigure.liquibase.LiquibaseAutoConfiguration, org.springframework.boot.autoconfigure.orm.jpa.HibernateJpaAutoConfiguration, org.springframework.boot.autoconfigure.transaction.TransactionAutoConfiguration, org.springframework.boot.test.autoconfigure.jdbc.TestDatabaseAutoConfiguration, org.springframework.boot.test.autoconfigure.orm.jpa.TestEntityManagerAutoConfiguration]], org.springframework.boot.test.context.filter.ExcludeFilterContextCustomizer@43bd930a, org.springframework.boot.test.json.DuplicateJsonObjectContextCustomizerFactory$DuplicateJsonObjectContextCustomizer@553a3d88, org.springframework.boot.test.mock.mockito.MockitoContextCustomizer@0, org.springframework.boot.test.autoconfigure.OverrideAutoConfigurationContextCustomizerFactory$DisableAutoConfigurationContextCustomizer@324e8baa, org.springframework.boot.test.autoconfigure.filter.TypeExcludeFiltersContextCustomizer@351584c0, org.springframework.boot.test.autoconfigure.properties.PropertyMappingContextCustomizer@5181ed59, org.springframework.boot.test.autoconfigure.web.servlet.WebDriverContextCustomizerFactory$Customizer@67b467e9], contextLoader = 'org.springframework.boot.test.context.SpringBootContextLoader', parent = [null]], attributes = map[[empty]]]
]]></system-out>
  </testcase>
  <testcase name="createShouldPersistData" classname="br.com.devdojo.demo.StudentRepositoryTest" time="0.005">
    <error message="could not extract ResultSet; SQL [n/a]; nested exception is org.hibernate.exception.SQLGrammarException: could not extract ResultSet" type="org.springframework.dao.InvalidDataAccessResourceUsageException">org.springframework.dao.InvalidDataAccessResourceUsageException: could not extract ResultSet; SQL [n/a]; nested exception is org.hibernate.exception.SQLGrammarException: could not extract ResultSet
	at br.com.devdojo.demo.StudentRepositoryTest.createShouldPersistData(StudentRepositoryTest.java:30)
Caused by: org.hibernate.exception.SQLGrammarException: could not extract ResultSet
	at br.com.devdojo.demo.StudentRepositoryTest.createShouldPersistData(StudentRepositoryTest.java:30)
Caused by: org.postgresql.util.PSQLException: 
ERROR: syntax error at or near "value"
  Posição: 11
	at br.com.devdojo.demo.StudentRepositoryTest.createShouldPersistData(StudentRepositoryTest.java:30)
</error>
    <system-out><![CDATA[2019-07-15 15:04:17.899  INFO 36715 --- [           main] o.s.t.c.transaction.TransactionContext   : Began transaction (1) for test context [DefaultTestContext@537b3be1 testClass = StudentRepositoryTest, testInstance = br.com.devdojo.demo.StudentRepositoryTest@65e05005, testMethod = createShouldPersistData@StudentRepositoryTest, testException = [null], mergedContextConfiguration = [MergedContextConfiguration@31f5b923 testClass = StudentRepositoryTest, locations = '{}', classes = '{class br.com.devdojo.DevDojoSpringBootEssentialsApplication}', contextInitializerClasses = '[]', activeProfiles = '{}', propertySourceLocations = '{}', propertySourceProperties = '{org.springframework.boot.test.autoconfigure.orm.jpa.DataJpaTestContextBootstrapper=true}', contextCustomizers = set[[ImportsContextCustomizer@79e2606f key = [org.springframework.boot.autoconfigure.cache.CacheAutoConfiguration, org.springframework.boot.autoconfigure.data.jpa.JpaRepositoriesAutoConfiguration, org.springframework.boot.autoconfigure.flyway.FlywayAutoConfiguration, org.springframework.boot.autoconfigure.jdbc.DataSourceAutoConfiguration, org.springframework.boot.autoconfigure.jdbc.DataSourceTransactionManagerAutoConfiguration, org.springframework.boot.autoconfigure.jdbc.JdbcTemplateAutoConfiguration, org.springframework.boot.autoconfigure.liquibase.LiquibaseAutoConfiguration, org.springframework.boot.autoconfigure.orm.jpa.HibernateJpaAutoConfiguration, org.springframework.boot.autoconfigure.transaction.TransactionAutoConfiguration, org.springframework.boot.test.autoconfigure.jdbc.TestDatabaseAutoConfiguration, org.springframework.boot.test.autoconfigure.orm.jpa.TestEntityManagerAutoConfiguration]], org.springframework.boot.test.context.filter.ExcludeFilterContextCustomizer@43bd930a, org.springframework.boot.test.json.DuplicateJsonObjectContextCustomizerFactory$DuplicateJsonObjectContextCustomizer@553a3d88, org.springframework.boot.test.mock.mockito.MockitoContextCustomizer@0, org.springframework.boot.test.autoconfigure.OverrideAutoConfigurationContextCustomizerFactory$DisableAutoConfigurationContextCustomizer@324e8baa, org.springframework.boot.test.autoconfigure.filter.TypeExcludeFiltersContextCustomizer@351584c0, org.springframework.boot.test.autoconfigure.properties.PropertyMappingContextCustomizer@5181ed59, org.springframework.boot.test.autoconfigure.web.servlet.WebDriverContextCustomizerFactory$Customizer@67b467e9], contextLoader = 'org.springframework.boot.test.context.SpringBootContextLoader', parent = [null]], attributes = map[[empty]]]; transaction manager [org.springframework.orm.jpa.JpaTransactionManager@3a709cc7]; rollback [true]
Hibernate: call next value for hibernate_sequence
2019-07-15 15:04:17.900  WARN 36715 --- [           main] o.h.engine.jdbc.spi.SqlExceptionHelper   : SQL Error: 0, SQLState: 42601
2019-07-15 15:04:17.900 ERROR 36715 --- [           main] o.h.engine.jdbc.spi.SqlExceptionHelper   : ERROR: syntax error at or near "value"
  Posi??o: 11
2019-07-15 15:04:17.902  INFO 36715 --- [           main] o.s.t.c.transaction.TransactionContext   : Rolled back transaction for test: [DefaultTestContext@537b3be1 testClass = StudentRepositoryTest, testInstance = br.com.devdojo.demo.StudentRepositoryTest@65e05005, testMethod = createShouldPersistData@StudentRepositoryTest, testException = org.springframework.dao.InvalidDataAccessResourceUsageException: could not extract ResultSet; SQL [n/a]; nested exception is org.hibernate.exception.SQLGrammarException: could not extract ResultSet, mergedContextConfiguration = [MergedContextConfiguration@31f5b923 testClass = StudentRepositoryTest, locations = '{}', classes = '{class br.com.devdojo.DevDojoSpringBootEssentialsApplication}', contextInitializerClasses = '[]', activeProfiles = '{}', propertySourceLocations = '{}', propertySourceProperties = '{org.springframework.boot.test.autoconfigure.orm.jpa.DataJpaTestContextBootstrapper=true}', contextCustomizers = set[[ImportsContextCustomizer@79e2606f key = [org.springframework.boot.autoconfigure.cache.CacheAutoConfiguration, org.springframework.boot.autoconfigure.data.jpa.JpaRepositoriesAutoConfiguration, org.springframework.boot.autoconfigure.flyway.FlywayAutoConfiguration, org.springframework.boot.autoconfigure.jdbc.DataSourceAutoConfiguration, org.springframework.boot.autoconfigure.jdbc.DataSourceTransactionManagerAutoConfiguration, org.springframework.boot.autoconfigure.jdbc.JdbcTemplateAutoConfiguration, org.springframework.boot.autoconfigure.liquibase.LiquibaseAutoConfiguration, org.springframework.boot.autoconfigure.orm.jpa.HibernateJpaAutoConfiguration, org.springframework.boot.autoconfigure.transaction.TransactionAutoConfiguration, org.springframework.boot.test.autoconfigure.jdbc.TestDatabaseAutoConfiguration, org.springframework.boot.test.autoconfigure.orm.jpa.TestEntityManagerAutoConfiguration]], org.springframework.boot.test.context.filter.ExcludeFilterContextCustomizer@43bd930a, org.springframework.boot.test.json.DuplicateJsonObjectContextCustomizerFactory$DuplicateJsonObjectContextCustomizer@553a3d88, org.springframework.boot.test.mock.mockito.MockitoContextCustomizer@0, org.springframework.boot.test.autoconfigure.OverrideAutoConfigurationContextCustomizerFactory$DisableAutoConfigurationContextCustomizer@324e8baa, org.springframework.boot.test.autoconfigure.filter.TypeExcludeFiltersContextCustomizer@351584c0, org.springframework.boot.test.autoconfigure.properties.PropertyMappingContextCustomizer@5181ed59, org.springframework.boot.test.autoconfigure.web.servlet.WebDriverContextCustomizerFactory$Customizer@67b467e9], contextLoader = 'org.springframework.boot.test.context.SpringBootContextLoader', parent = [null]], attributes = map[[empty]]]
]]></system-out>
  </testcase>
  <testcase name="deleteShoudRemoveData" classname="br.com.devdojo.demo.StudentRepositoryTest" time="0.005">
    <error message="could not extract ResultSet; SQL [n/a]; nested exception is org.hibernate.exception.SQLGrammarException: could not extract ResultSet" type="org.springframework.dao.InvalidDataAccessResourceUsageException">org.springframework.dao.InvalidDataAccessResourceUsageException: could not extract ResultSet; SQL [n/a]; nested exception is org.hibernate.exception.SQLGrammarException: could not extract ResultSet
	at br.com.devdojo.demo.StudentRepositoryTest.deleteShoudRemoveData(StudentRepositoryTest.java:40)
Caused by: org.hibernate.exception.SQLGrammarException: could not extract ResultSet
	at br.com.devdojo.demo.StudentRepositoryTest.deleteShoudRemoveData(StudentRepositoryTest.java:40)
Caused by: org.postgresql.util.PSQLException: 
ERROR: syntax error at or near "value"
  Posição: 11
	at br.com.devdojo.demo.StudentRepositoryTest.deleteShoudRemoveData(StudentRepositoryTest.java:40)
</error>
    <system-out><![CDATA[2019-07-15 15:04:17.904  INFO 36715 --- [           main] o.s.t.c.transaction.TransactionContext   : Began transaction (1) for test context [DefaultTestContext@537b3be1 testClass = StudentRepositoryTest, testInstance = br.com.devdojo.demo.StudentRepositoryTest@311d28f5, testMethod = deleteShoudRemoveData@StudentRepositoryTest, testException = [null], mergedContextConfiguration = [MergedContextConfiguration@31f5b923 testClass = StudentRepositoryTest, locations = '{}', classes = '{class br.com.devdojo.DevDojoSpringBootEssentialsApplication}', contextInitializerClasses = '[]', activeProfiles = '{}', propertySourceLocations = '{}', propertySourceProperties = '{org.springframework.boot.test.autoconfigure.orm.jpa.DataJpaTestContextBootstrapper=true}', contextCustomizers = set[[ImportsContextCustomizer@79e2606f key = [org.springframework.boot.autoconfigure.cache.CacheAutoConfiguration, org.springframework.boot.autoconfigure.data.jpa.JpaRepositoriesAutoConfiguration, org.springframework.boot.autoconfigure.flyway.FlywayAutoConfiguration, org.springframework.boot.autoconfigure.jdbc.DataSourceAutoConfiguration, org.springframework.boot.autoconfigure.jdbc.DataSourceTransactionManagerAutoConfiguration, org.springframework.boot.autoconfigure.jdbc.JdbcTemplateAutoConfiguration, org.springframework.boot.autoconfigure.liquibase.LiquibaseAutoConfiguration, org.springframework.boot.autoconfigure.orm.jpa.HibernateJpaAutoConfiguration, org.springframework.boot.autoconfigure.transaction.TransactionAutoConfiguration, org.springframework.boot.test.autoconfigure.jdbc.TestDatabaseAutoConfiguration, org.springframework.boot.test.autoconfigure.orm.jpa.TestEntityManagerAutoConfiguration]], org.springframework.boot.test.context.filter.ExcludeFilterContextCustomizer@43bd930a, org.springframework.boot.test.json.DuplicateJsonObjectContextCustomizerFactory$DuplicateJsonObjectContextCustomizer@553a3d88, org.springframework.boot.test.mock.mockito.MockitoContextCustomizer@0, org.springframework.boot.test.autoconfigure.OverrideAutoConfigurationContextCustomizerFactory$DisableAutoConfigurationContextCustomizer@324e8baa, org.springframework.boot.test.autoconfigure.filter.TypeExcludeFiltersContextCustomizer@351584c0, org.springframework.boot.test.autoconfigure.properties.PropertyMappingContextCustomizer@5181ed59, org.springframework.boot.test.autoconfigure.web.servlet.WebDriverContextCustomizerFactory$Customizer@67b467e9], contextLoader = 'org.springframework.boot.test.context.SpringBootContextLoader', parent = [null]], attributes = map[[empty]]]; transaction manager [org.springframework.orm.jpa.JpaTransactionManager@3a709cc7]; rollback [true]
Hibernate: call next value for hibernate_sequence
2019-07-15 15:04:17.906  WARN 36715 --- [           main] o.h.engine.jdbc.spi.SqlExceptionHelper   : SQL Error: 0, SQLState: 42601
2019-07-15 15:04:17.906 ERROR 36715 --- [           main] o.h.engine.jdbc.spi.SqlExceptionHelper   : ERROR: syntax error at or near "value"
  Posi??o: 11
2019-07-15 15:04:17.907  INFO 36715 --- [           main] o.s.t.c.transaction.TransactionContext   : Rolled back transaction for test: [DefaultTestContext@537b3be1 testClass = StudentRepositoryTest, testInstance = br.com.devdojo.demo.StudentRepositoryTest@311d28f5, testMethod = deleteShoudRemoveData@StudentRepositoryTest, testException = org.springframework.dao.InvalidDataAccessResourceUsageException: could not extract ResultSet; SQL [n/a]; nested exception is org.hibernate.exception.SQLGrammarException: could not extract ResultSet, mergedContextConfiguration = [MergedContextConfiguration@31f5b923 testClass = StudentRepositoryTest, locations = '{}', classes = '{class br.com.devdojo.DevDojoSpringBootEssentialsApplication}', contextInitializerClasses = '[]', activeProfiles = '{}', propertySourceLocations = '{}', propertySourceProperties = '{org.springframework.boot.test.autoconfigure.orm.jpa.DataJpaTestContextBootstrapper=true}', contextCustomizers = set[[ImportsContextCustomizer@79e2606f key = [org.springframework.boot.autoconfigure.cache.CacheAutoConfiguration, org.springframework.boot.autoconfigure.data.jpa.JpaRepositoriesAutoConfiguration, org.springframework.boot.autoconfigure.flyway.FlywayAutoConfiguration, org.springframework.boot.autoconfigure.jdbc.DataSourceAutoConfiguration, org.springframework.boot.autoconfigure.jdbc.DataSourceTransactionManagerAutoConfiguration, org.springframework.boot.autoconfigure.jdbc.JdbcTemplateAutoConfiguration, org.springframework.boot.autoconfigure.liquibase.LiquibaseAutoConfiguration, org.springframework.boot.autoconfigure.orm.jpa.HibernateJpaAutoConfiguration, org.springframework.boot.autoconfigure.transaction.TransactionAutoConfiguration, org.springframework.boot.test.autoconfigure.jdbc.TestDatabaseAutoConfiguration, org.springframework.boot.test.autoconfigure.orm.jpa.TestEntityManagerAutoConfiguration]], org.springframework.boot.test.context.filter.ExcludeFilterContextCustomizer@43bd930a, org.springframework.boot.test.json.DuplicateJsonObjectContextCustomizerFactory$DuplicateJsonObjectContextCustomizer@553a3d88, org.springframework.boot.test.mock.mockito.MockitoContextCustomizer@0, org.springframework.boot.test.autoconfigure.OverrideAutoConfigurationContextCustomizerFactory$DisableAutoConfigurationContextCustomizer@324e8baa, org.springframework.boot.test.autoconfigure.filter.TypeExcludeFiltersContextCustomizer@351584c0, org.springframework.boot.test.autoconfigure.properties.PropertyMappingContextCustomizer@5181ed59, org.springframework.boot.test.autoconfigure.web.servlet.WebDriverContextCustomizerFactory$Customizer@67b467e9], contextLoader = 'org.springframework.boot.test.context.SpringBootContextLoader', parent = [null]], attributes = map[[empty]]]
]]></system-out>
  </testcase>
  <testcase name="createWhenNameIsNullShoudThrowConstraintViolatoinException" classname="br.com.devdojo.demo.StudentRepositoryTest" time="0.004">
    <error message="could not extract ResultSet; SQL [n/a]; nested exception is org.hibernate.exception.SQLGrammarException: could not extract ResultSet" type="org.springframework.dao.InvalidDataAccessResourceUsageException">org.springframework.dao.InvalidDataAccessResourceUsageException: could not extract ResultSet; SQL [n/a]; nested exception is org.hibernate.exception.SQLGrammarException: could not extract ResultSet
	at br.com.devdojo.demo.StudentRepositoryTest.createWhenNameIsNullShoudThrowConstraintViolatoinException(StudentRepositoryTest.java:75)
Caused by: org.hibernate.exception.SQLGrammarException: could not extract ResultSet
	at br.com.devdojo.demo.StudentRepositoryTest.createWhenNameIsNullShoudThrowConstraintViolatoinException(StudentRepositoryTest.java:75)
Caused by: org.postgresql.util.PSQLException: 
ERROR: syntax error at or near "value"
  Posição: 11
	at br.com.devdojo.demo.StudentRepositoryTest.createWhenNameIsNullShoudThrowConstraintViolatoinException(StudentRepositoryTest.java:75)
</error>
    <system-out><![CDATA[2019-07-15 15:04:17.909  INFO 36715 --- [           main] o.s.t.c.transaction.TransactionContext   : Began transaction (1) for test context [DefaultTestContext@537b3be1 testClass = StudentRepositoryTest, testInstance = br.com.devdojo.demo.StudentRepositoryTest@77ce8bc5, testMethod = createWhenNameIsNullShoudThrowConstraintViolatoinException@StudentRepositoryTest, testException = [null], mergedContextConfiguration = [MergedContextConfiguration@31f5b923 testClass = StudentRepositoryTest, locations = '{}', classes = '{class br.com.devdojo.DevDojoSpringBootEssentialsApplication}', contextInitializerClasses = '[]', activeProfiles = '{}', propertySourceLocations = '{}', propertySourceProperties = '{org.springframework.boot.test.autoconfigure.orm.jpa.DataJpaTestContextBootstrapper=true}', contextCustomizers = set[[ImportsContextCustomizer@79e2606f key = [org.springframework.boot.autoconfigure.cache.CacheAutoConfiguration, org.springframework.boot.autoconfigure.data.jpa.JpaRepositoriesAutoConfiguration, org.springframework.boot.autoconfigure.flyway.FlywayAutoConfiguration, org.springframework.boot.autoconfigure.jdbc.DataSourceAutoConfiguration, org.springframework.boot.autoconfigure.jdbc.DataSourceTransactionManagerAutoConfiguration, org.springframework.boot.autoconfigure.jdbc.JdbcTemplateAutoConfiguration, org.springframework.boot.autoconfigure.liquibase.LiquibaseAutoConfiguration, org.springframework.boot.autoconfigure.orm.jpa.HibernateJpaAutoConfiguration, org.springframework.boot.autoconfigure.transaction.TransactionAutoConfiguration, org.springframework.boot.test.autoconfigure.jdbc.TestDatabaseAutoConfiguration, org.springframework.boot.test.autoconfigure.orm.jpa.TestEntityManagerAutoConfiguration]], org.springframework.boot.test.context.filter.ExcludeFilterContextCustomizer@43bd930a, org.springframework.boot.test.json.DuplicateJsonObjectContextCustomizerFactory$DuplicateJsonObjectContextCustomizer@553a3d88, org.springframework.boot.test.mock.mockito.MockitoContextCustomizer@0, org.springframework.boot.test.autoconfigure.OverrideAutoConfigurationContextCustomizerFactory$DisableAutoConfigurationContextCustomizer@324e8baa, org.springframework.boot.test.autoconfigure.filter.TypeExcludeFiltersContextCustomizer@351584c0, org.springframework.boot.test.autoconfigure.properties.PropertyMappingContextCustomizer@5181ed59, org.springframework.boot.test.autoconfigure.web.servlet.WebDriverContextCustomizerFactory$Customizer@67b467e9], contextLoader = 'org.springframework.boot.test.context.SpringBootContextLoader', parent = [null]], attributes = map[[empty]]]; transaction manager [org.springframework.orm.jpa.JpaTransactionManager@3a709cc7]; rollback [true]
Hibernate: call next value for hibernate_sequence
2019-07-15 15:04:17.911  WARN 36715 --- [           main] o.h.engine.jdbc.spi.SqlExceptionHelper   : SQL Error: 0, SQLState: 42601
2019-07-15 15:04:17.911 ERROR 36715 --- [           main] o.h.engine.jdbc.spi.SqlExceptionHelper   : ERROR: syntax error at or near "value"
  Posi??o: 11
2019-07-15 15:04:17.912  INFO 36715 --- [           main] o.s.t.c.transaction.TransactionContext   : Rolled back transaction for test: [DefaultTestContext@537b3be1 testClass = StudentRepositoryTest, testInstance = br.com.devdojo.demo.StudentRepositoryTest@77ce8bc5, testMethod = createWhenNameIsNullShoudThrowConstraintViolatoinException@StudentRepositoryTest, testException = org.springframework.dao.InvalidDataAccessResourceUsageException: could not extract ResultSet; SQL [n/a]; nested exception is org.hibernate.exception.SQLGrammarException: could not extract ResultSet, mergedContextConfiguration = [MergedContextConfiguration@31f5b923 testClass = StudentRepositoryTest, locations = '{}', classes = '{class br.com.devdojo.DevDojoSpringBootEssentialsApplication}', contextInitializerClasses = '[]', activeProfiles = '{}', propertySourceLocations = '{}', propertySourceProperties = '{org.springframework.boot.test.autoconfigure.orm.jpa.DataJpaTestContextBootstrapper=true}', contextCustomizers = set[[ImportsContextCustomizer@79e2606f key = [org.springframework.boot.autoconfigure.cache.CacheAutoConfiguration, org.springframework.boot.autoconfigure.data.jpa.JpaRepositoriesAutoConfiguration, org.springframework.boot.autoconfigure.flyway.FlywayAutoConfiguration, org.springframework.boot.autoconfigure.jdbc.DataSourceAutoConfiguration, org.springframework.boot.autoconfigure.jdbc.DataSourceTransactionManagerAutoConfiguration, org.springframework.boot.autoconfigure.jdbc.JdbcTemplateAutoConfiguration, org.springframework.boot.autoconfigure.liquibase.LiquibaseAutoConfiguration, org.springframework.boot.autoconfigure.orm.jpa.HibernateJpaAutoConfiguration, org.springframework.boot.autoconfigure.transaction.TransactionAutoConfiguration, org.springframework.boot.test.autoconfigure.jdbc.TestDatabaseAutoConfiguration, org.springframework.boot.test.autoconfigure.orm.jpa.TestEntityManagerAutoConfiguration]], org.springframework.boot.test.context.filter.ExcludeFilterContextCustomizer@43bd930a, org.springframework.boot.test.json.DuplicateJsonObjectContextCustomizerFactory$DuplicateJsonObjectContextCustomizer@553a3d88, org.springframework.boot.test.mock.mockito.MockitoContextCustomizer@0, org.springframework.boot.test.autoconfigure.OverrideAutoConfigurationContextCustomizerFactory$DisableAutoConfigurationContextCustomizer@324e8baa, org.springframework.boot.test.autoconfigure.filter.TypeExcludeFiltersContextCustomizer@351584c0, org.springframework.boot.test.autoconfigure.properties.PropertyMappingContextCustomizer@5181ed59, org.springframework.boot.test.autoconfigure.web.servlet.WebDriverContextCustomizerFactory$Customizer@67b467e9], contextLoader = 'org.springframework.boot.test.context.SpringBootContextLoader', parent = [null]], attributes = map[[empty]]]
]]></system-out>
  </testcase>
  <testcase name="updateShoudChangeAndPersistData" classname="br.com.devdojo.demo.StudentRepositoryTest" time="0.004">
    <error message="could not extract ResultSet; SQL [n/a]; nested exception is org.hibernate.exception.SQLGrammarException: could not extract ResultSet" type="org.springframework.dao.InvalidDataAccessResourceUsageException">org.springframework.dao.InvalidDataAccessResourceUsageException: could not extract ResultSet; SQL [n/a]; nested exception is org.hibernate.exception.SQLGrammarException: could not extract ResultSet
	at br.com.devdojo.demo.StudentRepositoryTest.updateShoudChangeAndPersistData(StudentRepositoryTest.java:48)
Caused by: org.hibernate.exception.SQLGrammarException: could not extract ResultSet
	at br.com.devdojo.demo.StudentRepositoryTest.updateShoudChangeAndPersistData(StudentRepositoryTest.java:48)
Caused by: org.postgresql.util.PSQLException: 
ERROR: syntax error at or near "value"
  Posição: 11
	at br.com.devdojo.demo.StudentRepositoryTest.updateShoudChangeAndPersistData(StudentRepositoryTest.java:48)
</error>
    <system-out><![CDATA[2019-07-15 15:04:17.915  INFO 36715 --- [           main] o.s.t.c.transaction.TransactionContext   : Began transaction (1) for test context [DefaultTestContext@537b3be1 testClass = StudentRepositoryTest, testInstance = br.com.devdojo.demo.StudentRepositoryTest@22361e23, testMethod = updateShoudChangeAndPersistData@StudentRepositoryTest, testException = [null], mergedContextConfiguration = [MergedContextConfiguration@31f5b923 testClass = StudentRepositoryTest, locations = '{}', classes = '{class br.com.devdojo.DevDojoSpringBootEssentialsApplication}', contextInitializerClasses = '[]', activeProfiles = '{}', propertySourceLocations = '{}', propertySourceProperties = '{org.springframework.boot.test.autoconfigure.orm.jpa.DataJpaTestContextBootstrapper=true}', contextCustomizers = set[[ImportsContextCustomizer@79e2606f key = [org.springframework.boot.autoconfigure.cache.CacheAutoConfiguration, org.springframework.boot.autoconfigure.data.jpa.JpaRepositoriesAutoConfiguration, org.springframework.boot.autoconfigure.flyway.FlywayAutoConfiguration, org.springframework.boot.autoconfigure.jdbc.DataSourceAutoConfiguration, org.springframework.boot.autoconfigure.jdbc.DataSourceTransactionManagerAutoConfiguration, org.springframework.boot.autoconfigure.jdbc.JdbcTemplateAutoConfiguration, org.springframework.boot.autoconfigure.liquibase.LiquibaseAutoConfiguration, org.springframework.boot.autoconfigure.orm.jpa.HibernateJpaAutoConfiguration, org.springframework.boot.autoconfigure.transaction.TransactionAutoConfiguration, org.springframework.boot.test.autoconfigure.jdbc.TestDatabaseAutoConfiguration, org.springframework.boot.test.autoconfigure.orm.jpa.TestEntityManagerAutoConfiguration]], org.springframework.boot.test.context.filter.ExcludeFilterContextCustomizer@43bd930a, org.springframework.boot.test.json.DuplicateJsonObjectContextCustomizerFactory$DuplicateJsonObjectContextCustomizer@553a3d88, org.springframework.boot.test.mock.mockito.MockitoContextCustomizer@0, org.springframework.boot.test.autoconfigure.OverrideAutoConfigurationContextCustomizerFactory$DisableAutoConfigurationContextCustomizer@324e8baa, org.springframework.boot.test.autoconfigure.filter.TypeExcludeFiltersContextCustomizer@351584c0, org.springframework.boot.test.autoconfigure.properties.PropertyMappingContextCustomizer@5181ed59, org.springframework.boot.test.autoconfigure.web.servlet.WebDriverContextCustomizerFactory$Customizer@67b467e9], contextLoader = 'org.springframework.boot.test.context.SpringBootContextLoader', parent = [null]], attributes = map[[empty]]]; transaction manager [org.springframework.orm.jpa.JpaTransactionManager@3a709cc7]; rollback [true]
Hibernate: call next value for hibernate_sequence
2019-07-15 15:04:17.916  WARN 36715 --- [           main] o.h.engine.jdbc.spi.SqlExceptionHelper   : SQL Error: 0, SQLState: 42601
2019-07-15 15:04:17.916 ERROR 36715 --- [           main] o.h.engine.jdbc.spi.SqlExceptionHelper   : ERROR: syntax error at or near "value"
  Posi??o: 11
2019-07-15 15:04:17.917  INFO 36715 --- [           main] o.s.t.c.transaction.TransactionContext   : Rolled back transaction for test: [DefaultTestContext@537b3be1 testClass = StudentRepositoryTest, testInstance = br.com.devdojo.demo.StudentRepositoryTest@22361e23, testMethod = updateShoudChangeAndPersistData@StudentRepositoryTest, testException = org.springframework.dao.InvalidDataAccessResourceUsageException: could not extract ResultSet; SQL [n/a]; nested exception is org.hibernate.exception.SQLGrammarException: could not extract ResultSet, mergedContextConfiguration = [MergedContextConfiguration@31f5b923 testClass = StudentRepositoryTest, locations = '{}', classes = '{class br.com.devdojo.DevDojoSpringBootEssentialsApplication}', contextInitializerClasses = '[]', activeProfiles = '{}', propertySourceLocations = '{}', propertySourceProperties = '{org.springframework.boot.test.autoconfigure.orm.jpa.DataJpaTestContextBootstrapper=true}', contextCustomizers = set[[ImportsContextCustomizer@79e2606f key = [org.springframework.boot.autoconfigure.cache.CacheAutoConfiguration, org.springframework.boot.autoconfigure.data.jpa.JpaRepositoriesAutoConfiguration, org.springframework.boot.autoconfigure.flyway.FlywayAutoConfiguration, org.springframework.boot.autoconfigure.jdbc.DataSourceAutoConfiguration, org.springframework.boot.autoconfigure.jdbc.DataSourceTransactionManagerAutoConfiguration, org.springframework.boot.autoconfigure.jdbc.JdbcTemplateAutoConfiguration, org.springframework.boot.autoconfigure.liquibase.LiquibaseAutoConfiguration, org.springframework.boot.autoconfigure.orm.jpa.HibernateJpaAutoConfiguration, org.springframework.boot.autoconfigure.transaction.TransactionAutoConfiguration, org.springframework.boot.test.autoconfigure.jdbc.TestDatabaseAutoConfiguration, org.springframework.boot.test.autoconfigure.orm.jpa.TestEntityManagerAutoConfiguration]], org.springframework.boot.test.context.filter.ExcludeFilterContextCustomizer@43bd930a, org.springframework.boot.test.json.DuplicateJsonObjectContextCustomizerFactory$DuplicateJsonObjectContextCustomizer@553a3d88, org.springframework.boot.test.mock.mockito.MockitoContextCustomizer@0, org.springframework.boot.test.autoconfigure.OverrideAutoConfigurationContextCustomizerFactory$DisableAutoConfigurationContextCustomizer@324e8baa, org.springframework.boot.test.autoconfigure.filter.TypeExcludeFiltersContextCustomizer@351584c0, org.springframework.boot.test.autoconfigure.properties.PropertyMappingContextCustomizer@5181ed59, org.springframework.boot.test.autoconfigure.web.servlet.WebDriverContextCustomizerFactory$Customizer@67b467e9], contextLoader = 'org.springframework.boot.test.context.SpringBootContextLoader', parent = [null]], attributes = map[[empty]]]
]]></system-out>
  </testcase>
  <testcase name="findByNameIgnoreCaseContainingShoudIgnoreCase" classname="br.com.devdojo.demo.StudentRepositoryTest" time="0.004">
    <error message="could not extract ResultSet; SQL [n/a]; nested exception is org.hibernate.exception.SQLGrammarException: could not extract ResultSet" type="org.springframework.dao.InvalidDataAccessResourceUsageException">org.springframework.dao.InvalidDataAccessResourceUsageException: could not extract ResultSet; SQL [n/a]; nested exception is org.hibernate.exception.SQLGrammarException: could not extract ResultSet
	at br.com.devdojo.demo.StudentRepositoryTest.findByNameIgnoreCaseContainingShoudIgnoreCase(StudentRepositoryTest.java:64)
Caused by: org.hibernate.exception.SQLGrammarException: could not extract ResultSet
	at br.com.devdojo.demo.StudentRepositoryTest.findByNameIgnoreCaseContainingShoudIgnoreCase(StudentRepositoryTest.java:64)
Caused by: org.postgresql.util.PSQLException: 
ERROR: syntax error at or near "value"
  Posição: 11
	at br.com.devdojo.demo.StudentRepositoryTest.findByNameIgnoreCaseContainingShoudIgnoreCase(StudentRepositoryTest.java:64)
</error>
    <system-out><![CDATA[2019-07-15 15:04:17.919  INFO 36715 --- [           main] o.s.t.c.transaction.TransactionContext   : Began transaction (1) for test context [DefaultTestContext@537b3be1 testClass = StudentRepositoryTest, testInstance = br.com.devdojo.demo.StudentRepositoryTest@26aee0a6, testMethod = findByNameIgnoreCaseContainingShoudIgnoreCase@StudentRepositoryTest, testException = [null], mergedContextConfiguration = [MergedContextConfiguration@31f5b923 testClass = StudentRepositoryTest, locations = '{}', classes = '{class br.com.devdojo.DevDojoSpringBootEssentialsApplication}', contextInitializerClasses = '[]', activeProfiles = '{}', propertySourceLocations = '{}', propertySourceProperties = '{org.springframework.boot.test.autoconfigure.orm.jpa.DataJpaTestContextBootstrapper=true}', contextCustomizers = set[[ImportsContextCustomizer@79e2606f key = [org.springframework.boot.autoconfigure.cache.CacheAutoConfiguration, org.springframework.boot.autoconfigure.data.jpa.JpaRepositoriesAutoConfiguration, org.springframework.boot.autoconfigure.flyway.FlywayAutoConfiguration, org.springframework.boot.autoconfigure.jdbc.DataSourceAutoConfiguration, org.springframework.boot.autoconfigure.jdbc.DataSourceTransactionManagerAutoConfiguration, org.springframework.boot.autoconfigure.jdbc.JdbcTemplateAutoConfiguration, org.springframework.boot.autoconfigure.liquibase.LiquibaseAutoConfiguration, org.springframework.boot.autoconfigure.orm.jpa.HibernateJpaAutoConfiguration, org.springframework.boot.autoconfigure.transaction.TransactionAutoConfiguration, org.springframework.boot.test.autoconfigure.jdbc.TestDatabaseAutoConfiguration, org.springframework.boot.test.autoconfigure.orm.jpa.TestEntityManagerAutoConfiguration]], org.springframework.boot.test.context.filter.ExcludeFilterContextCustomizer@43bd930a, org.springframework.boot.test.json.DuplicateJsonObjectContextCustomizerFactory$DuplicateJsonObjectContextCustomizer@553a3d88, org.springframework.boot.test.mock.mockito.MockitoContextCustomizer@0, org.springframework.boot.test.autoconfigure.OverrideAutoConfigurationContextCustomizerFactory$DisableAutoConfigurationContextCustomizer@324e8baa, org.springframework.boot.test.autoconfigure.filter.TypeExcludeFiltersContextCustomizer@351584c0, org.springframework.boot.test.autoconfigure.properties.PropertyMappingContextCustomizer@5181ed59, org.springframework.boot.test.autoconfigure.web.servlet.WebDriverContextCustomizerFactory$Customizer@67b467e9], contextLoader = 'org.springframework.boot.test.context.SpringBootContextLoader', parent = [null]], attributes = map[[empty]]]; transaction manager [org.springframework.orm.jpa.JpaTransactionManager@3a709cc7]; rollback [true]
Hibernate: call next value for hibernate_sequence
2019-07-15 15:04:17.921  WARN 36715 --- [           main] o.h.engine.jdbc.spi.SqlExceptionHelper   : SQL Error: 0, SQLState: 42601
2019-07-15 15:04:17.921 ERROR 36715 --- [           main] o.h.engine.jdbc.spi.SqlExceptionHelper   : ERROR: syntax error at or near "value"
  Posi??o: 11
2019-07-15 15:04:17.922  INFO 36715 --- [           main] o.s.t.c.transaction.TransactionContext   : Rolled back transaction for test: [DefaultTestContext@537b3be1 testClass = StudentRepositoryTest, testInstance = br.com.devdojo.demo.StudentRepositoryTest@26aee0a6, testMethod = findByNameIgnoreCaseContainingShoudIgnoreCase@StudentRepositoryTest, testException = org.springframework.dao.InvalidDataAccessResourceUsageException: could not extract ResultSet; SQL [n/a]; nested exception is org.hibernate.exception.SQLGrammarException: could not extract ResultSet, mergedContextConfiguration = [MergedContextConfiguration@31f5b923 testClass = StudentRepositoryTest, locations = '{}', classes = '{class br.com.devdojo.DevDojoSpringBootEssentialsApplication}', contextInitializerClasses = '[]', activeProfiles = '{}', propertySourceLocations = '{}', propertySourceProperties = '{org.springframework.boot.test.autoconfigure.orm.jpa.DataJpaTestContextBootstrapper=true}', contextCustomizers = set[[ImportsContextCustomizer@79e2606f key = [org.springframework.boot.autoconfigure.cache.CacheAutoConfiguration, org.springframework.boot.autoconfigure.data.jpa.JpaRepositoriesAutoConfiguration, org.springframework.boot.autoconfigure.flyway.FlywayAutoConfiguration, org.springframework.boot.autoconfigure.jdbc.DataSourceAutoConfiguration, org.springframework.boot.autoconfigure.jdbc.DataSourceTransactionManagerAutoConfiguration, org.springframework.boot.autoconfigure.jdbc.JdbcTemplateAutoConfiguration, org.springframework.boot.autoconfigure.liquibase.LiquibaseAutoConfiguration, org.springframework.boot.autoconfigure.orm.jpa.HibernateJpaAutoConfiguration, org.springframework.boot.autoconfigure.transaction.TransactionAutoConfiguration, org.springframework.boot.test.autoconfigure.jdbc.TestDatabaseAutoConfiguration, org.springframework.boot.test.autoconfigure.orm.jpa.TestEntityManagerAutoConfiguration]], org.springframework.boot.test.context.filter.ExcludeFilterContextCustomizer@43bd930a, org.springframework.boot.test.json.DuplicateJsonObjectContextCustomizerFactory$DuplicateJsonObjectContextCustomizer@553a3d88, org.springframework.boot.test.mock.mockito.MockitoContextCustomizer@0, org.springframework.boot.test.autoconfigure.OverrideAutoConfigurationContextCustomizerFactory$DisableAutoConfigurationContextCustomizer@324e8baa, org.springframework.boot.test.autoconfigure.filter.TypeExcludeFiltersContextCustomizer@351584c0, org.springframework.boot.test.autoconfigure.properties.PropertyMappingContextCustomizer@5181ed59, org.springframework.boot.test.autoconfigure.web.servlet.WebDriverContextCustomizerFactory$Customizer@67b467e9], contextLoader = 'org.springframework.boot.test.context.SpringBootContextLoader', parent = [null]], attributes = map[[empty]]]
]]></system-out>
  </testcase>
</testsuite>